<?xml version="1.0" encoding="UTF-8"?>
<!-- Generated by org.testng.reporters.JUnitReportReporter -->
<testsuite hostname="DESKTOP-790N287" name="com.young.appiumcombat.testcases.home.HomePage_001_UiCheck_Test" tests="1" failures="0" timestamp="2 Jun 2016 07:02:03 GMT" time="56.679" errors="0">
  <testcase name="uiCheck" time="56.679" classname="com.young.appiumcombat.testcases.home.HomePage_001_UiCheck_Test"/>
</testsuite> <!-- com.young.appiumcombat.testcases.home.HomePage_001_UiCheck_Test -->
