<?xml version="1.0" encoding="UTF-8"?>
<!-- Generated by org.testng.reporters.JUnitReportReporter -->
<testsuite hostname="liangdeMacBook-Pro.local" name="com.young.appiumcombat.testcases.searchhistery.SearchHisteryPage_001_SearchHistery_Test" tests="1" failures="0" timestamp="4 May 2017 06:06:19 GMT" time="25.457" errors="0">
  <testcase name="searchHistery" time="25.457" classname="com.young.appiumcombat.testcases.searchhistery.SearchHisteryPage_001_SearchHistery_Test"/>
</testsuite> <!-- com.young.appiumcombat.testcases.searchhistery.SearchHisteryPage_001_SearchHistery_Test -->
