<?xml version="1.0" encoding="UTF-8"?>
<!-- Generated by org.testng.reporters.JUnitReportReporter -->
<testsuite hostname="liangdeMacBook-Pro.local" name="com.young.appiumcombat.testcases.ios.home.HomePage_001_AlertViews_Test" tests="1" failures="0" timestamp="4 May 2017 07:28:43 GMT" time="18.036" errors="0">
  <testcase name="alertViews" time="18.036" classname="com.young.appiumcombat.testcases.ios.home.HomePage_001_AlertViews_Test"/>
</testsuite> <!-- com.young.appiumcombat.testcases.ios.home.HomePage_001_AlertViews_Test -->
