<?xml version="1.0" encoding="UTF-8"?>
<!-- Generated by org.testng.reporters.JUnitReportReporter -->
<testsuite hostname="liangdeMacBook-Pro.local" name="com.young.appiumcombat.testcases.android.searchhistery.SearchHisteryPage_001_SearchHistery_Test" tests="1" failures="0" timestamp="4 May 2017 10:20:35 GMT" time="29.369" errors="0">
  <testcase name="searchHistery" time="29.369" classname="com.young.appiumcombat.testcases.android.searchhistery.SearchHisteryPage_001_SearchHistery_Test"/>
</testsuite> <!-- com.young.appiumcombat.testcases.android.searchhistery.SearchHisteryPage_001_SearchHistery_Test -->
