<?xml version="1.0" encoding="UTF-8"?>
<!-- Generated by org.testng.reporters.JUnitReportReporter -->
<testsuite hostname="liangdeMacBook-Pro.local" name="com.young.appiumcombat.testcases.search.SearchPage_001_SearchDemo_Test" tests="1" failures="0" timestamp="4 May 2017 06:06:24 GMT" time="16.563" errors="0">
  <testcase name="searchDemo" time="16.563" classname="com.young.appiumcombat.testcases.search.SearchPage_001_SearchDemo_Test"/>
</testsuite> <!-- com.young.appiumcombat.testcases.search.SearchPage_001_SearchDemo_Test -->
